INFO  12:52:14 Application started. Press Ctrl+C to shut down.
INFO  12:52:14 Application started. Press Ctrl+C to shut down.
INFO  12:52:14 Hosting environment: Development
INFO  12:52:14 Hosting environment: Development
INFO  12:52:14 Content root path: C:\Users\shree\source\repos\LeaveManageApp\LeaveManageApp
INFO  12:52:14 Content root path: C:\Users\shree\source\repos\LeaveManageApp\LeaveManageApp
INFO  02:08:11 Application started. Press Ctrl+C to shut down.
INFO  02:08:11 Application started. Press Ctrl+C to shut down.
INFO  02:08:11 Hosting environment: Development
INFO  02:08:11 Hosting environment: Development
INFO  02:08:11 Content root path: C:\Users\shree\source\repos\LeaveManageApp\LeaveManageApp
INFO  02:08:11 Content root path: C:\Users\shree\source\repos\LeaveManageApp\LeaveManageApp
INFO  02:09:19 Application started. Press Ctrl+C to shut down.
INFO  02:09:19 Application started. Press Ctrl+C to shut down.
INFO  02:09:19 Hosting environment: Development
INFO  02:09:19 Hosting environment: Development
INFO  02:09:19 Content root path: C:\Users\shree\source\repos\LeaveManageApp\LeaveManageApp
INFO  02:09:19 Content root path: C:\Users\shree\source\repos\LeaveManageApp\LeaveManageApp
INFO  02:10:59 Application started. Press Ctrl+C to shut down.
INFO  02:10:59 Application started. Press Ctrl+C to shut down.
INFO  02:10:59 Hosting environment: Development
INFO  02:10:59 Hosting environment: Development
INFO  02:10:59 Content root path: C:\Users\shree\source\repos\LeaveManageApp\LeaveManageApp
INFO  02:10:59 Content root path: C:\Users\shree\source\repos\LeaveManageApp\LeaveManageApp
INFO  02:13:12 Application started. Press Ctrl+C to shut down.
INFO  02:13:12 Application started. Press Ctrl+C to shut down.
INFO  02:13:12 Hosting environment: Development
INFO  02:13:12 Hosting environment: Development
INFO  02:13:12 Content root path: C:\Users\shree\source\repos\LeaveManageApp\LeaveManageApp
INFO  02:13:12 Content root path: C:\Users\shree\source\repos\LeaveManageApp\LeaveManageApp
INFO  02:13:49 Application started. Press Ctrl+C to shut down.
INFO  02:13:49 Application started. Press Ctrl+C to shut down.
INFO  02:13:49 Hosting environment: Development
INFO  02:13:49 Hosting environment: Development
INFO  02:13:49 Content root path: C:\Users\shree\source\repos\LeaveManageApp\LeaveManageApp
INFO  02:13:49 Content root path: C:\Users\shree\source\repos\LeaveManageApp\LeaveManageApp
INFO  02:14:50 Application started. Press Ctrl+C to shut down.
INFO  02:14:50 Application started. Press Ctrl+C to shut down.
INFO  02:14:50 Hosting environment: Development
INFO  02:14:50 Hosting environment: Development
INFO  02:14:50 Content root path: C:\Users\shree\source\repos\LeaveManageApp\LeaveManageApp
INFO  02:14:50 Content root path: C:\Users\shree\source\repos\LeaveManageApp\LeaveManageApp
INFO  02:17:29 Application started. Press Ctrl+C to shut down.
INFO  02:17:29 Application started. Press Ctrl+C to shut down.
INFO  02:17:29 Hosting environment: Development
INFO  02:17:29 Hosting environment: Development
INFO  02:17:29 Content root path: C:\Users\shree\source\repos\LeaveManageApp\LeaveManageApp
INFO  02:17:29 Content root path: C:\Users\shree\source\repos\LeaveManageApp\LeaveManageApp
INFO  02:18:44 Application started. Press Ctrl+C to shut down.
INFO  02:18:44 Application started. Press Ctrl+C to shut down.
INFO  02:18:44 Hosting environment: Development
INFO  02:18:44 Hosting environment: Development
INFO  02:18:44 Content root path: C:\Users\shree\source\repos\LeaveManageApp\LeaveManageApp
INFO  02:18:44 Content root path: C:\Users\shree\source\repos\LeaveManageApp\LeaveManageApp
INFO  02:35:41 Application started. Press Ctrl+C to shut down.
INFO  02:35:41 Application started. Press Ctrl+C to shut down.
INFO  02:35:41 Hosting environment: Development
INFO  02:35:41 Hosting environment: Development
INFO  02:35:41 Content root path: C:\Users\shree\source\repos\LeaveManageApp\LeaveManageApp
INFO  02:35:41 Content root path: C:\Users\shree\source\repos\LeaveManageApp\LeaveManageApp
INFO  04:00:06 Application started. Press Ctrl+C to shut down.
INFO  04:00:06 Application started. Press Ctrl+C to shut down.
INFO  04:00:06 Hosting environment: Development
INFO  04:00:06 Hosting environment: Development
INFO  04:00:06 Content root path: C:\Users\shree\source\repos\LeaveManageApp\LeaveManageApp
INFO  04:00:06 Content root path: C:\Users\shree\source\repos\LeaveManageApp\LeaveManageApp
INFO  04:04:11 Application started. Press Ctrl+C to shut down.
INFO  04:04:11 Application started. Press Ctrl+C to shut down.
INFO  04:04:11 Hosting environment: Development
INFO  04:04:11 Hosting environment: Development
INFO  04:04:11 Content root path: C:\Users\shree\source\repos\LeaveManageApp\LeaveManageApp
INFO  04:04:11 Content root path: C:\Users\shree\source\repos\LeaveManageApp\LeaveManageApp
INFO  04:08:35 Application started. Press Ctrl+C to shut down.
INFO  04:08:35 Application started. Press Ctrl+C to shut down.
INFO  04:08:35 Hosting environment: Development
INFO  04:08:35 Hosting environment: Development
INFO  04:08:35 Content root path: C:\Users\shree\source\repos\LeaveManageApp\LeaveManageApp
INFO  04:08:35 Content root path: C:\Users\shree\source\repos\LeaveManageApp\LeaveManageApp
INFO  04:33:43 Application started. Press Ctrl+C to shut down.
INFO  04:33:43 Application started. Press Ctrl+C to shut down.
INFO  04:33:43 Hosting environment: Development
INFO  04:33:43 Hosting environment: Development
INFO  04:33:43 Content root path: C:\Users\shree\source\repos\LeaveManageApp\LeaveManageApp
INFO  04:33:43 Content root path: C:\Users\shree\source\repos\LeaveManageApp\LeaveManageApp
INFO  05:01:58 Application started. Press Ctrl+C to shut down.
INFO  05:01:58 Application started. Press Ctrl+C to shut down.
INFO  05:01:58 Hosting environment: Development
INFO  05:01:58 Hosting environment: Development
INFO  05:01:58 Content root path: C:\Users\shree\source\repos\LeaveManageApp\LeaveManageApp
INFO  05:01:58 Content root path: C:\Users\shree\source\repos\LeaveManageApp\LeaveManageApp
INFO  05:03:46 Application started. Press Ctrl+C to shut down.
INFO  05:03:46 Application started. Press Ctrl+C to shut down.
INFO  05:03:46 Hosting environment: Development
INFO  05:03:46 Hosting environment: Development
INFO  05:03:46 Content root path: C:\Users\shree\source\repos\LeaveManageApp\LeaveManageApp
INFO  05:03:46 Content root path: C:\Users\shree\source\repos\LeaveManageApp\LeaveManageApp
INFO  05:09:25 Application started. Press Ctrl+C to shut down.
INFO  05:09:25 Application started. Press Ctrl+C to shut down.
INFO  05:09:25 Hosting environment: Development
INFO  05:09:25 Hosting environment: Development
INFO  05:09:25 Content root path: C:\Users\shree\source\repos\LeaveManageApp\LeaveManageApp
INFO  05:09:25 Content root path: C:\Users\shree\source\repos\LeaveManageApp\LeaveManageApp
INFO  05:11:21 Application started. Press Ctrl+C to shut down.
INFO  05:11:21 Application started. Press Ctrl+C to shut down.
INFO  05:11:21 Hosting environment: Development
INFO  05:11:21 Hosting environment: Development
INFO  05:11:21 Content root path: C:\Users\shree\source\repos\LeaveManageApp\LeaveManageApp
INFO  05:11:21 Content root path: C:\Users\shree\source\repos\LeaveManageApp\LeaveManageApp
INFO  05:15:06 Application started. Press Ctrl+C to shut down.
INFO  05:15:06 Application started. Press Ctrl+C to shut down.
INFO  05:15:06 Hosting environment: Development
INFO  05:15:06 Hosting environment: Development
INFO  05:15:06 Content root path: C:\Users\shree\source\repos\LeaveManageApp\LeaveManageApp
INFO  05:15:06 Content root path: C:\Users\shree\source\repos\LeaveManageApp\LeaveManageApp
INFO  05:22:13 Application started. Press Ctrl+C to shut down.
INFO  05:22:13 Application started. Press Ctrl+C to shut down.
INFO  05:22:14 Hosting environment: Development
INFO  05:22:14 Hosting environment: Development
INFO  05:22:14 Content root path: C:\Users\shree\source\repos\LeaveManageApp\LeaveManageApp
INFO  05:22:14 Content root path: C:\Users\shree\source\repos\LeaveManageApp\LeaveManageApp
INFO  06:00:02 Application started. Press Ctrl+C to shut down.
INFO  06:00:02 Application started. Press Ctrl+C to shut down.
INFO  06:00:02 Hosting environment: Development
INFO  06:00:02 Hosting environment: Development
INFO  06:00:02 Content root path: C:\Users\shree\source\repos\LeaveManageApp\LeaveManageApp
INFO  06:00:02 Content root path: C:\Users\shree\source\repos\LeaveManageApp\LeaveManageApp
INFO  06:09:16 Application started. Press Ctrl+C to shut down.
INFO  06:09:16 Application started. Press Ctrl+C to shut down.
INFO  06:09:16 Hosting environment: Development
INFO  06:09:16 Hosting environment: Development
INFO  06:09:16 Content root path: C:\Users\shree\source\repos\LeaveManageApp\LeaveManageApp
INFO  06:09:16 Content root path: C:\Users\shree\source\repos\LeaveManageApp\LeaveManageApp
ERROR 06:09:44 An unhandled exception has occurred while executing the request.
System.InvalidOperationException: Cannot return null from an action method with a return type of 'Microsoft.AspNetCore.Mvc.IActionResult'.
   at Microsoft.AspNetCore.Mvc.Infrastructure.ActionMethodExecutor.EnsureActionResultNotNull(ObjectMethodExecutor executor, IActionResult actionResult)
   at Microsoft.AspNetCore.Mvc.Infrastructure.ActionMethodExecutor.SyncActionResultExecutor.Execute(IActionResultTypeMapper mapper, ObjectMethodExecutor executor, Object controller, Object[] arguments)
   at Microsoft.AspNetCore.Mvc.Infrastructure.ControllerActionInvoker.InvokeActionMethodAsync()
   at Microsoft.AspNetCore.Mvc.Infrastructure.ControllerActionInvoker.Next(State& next, Scope& scope, Object& state, Boolean& isCompleted)
   at Microsoft.AspNetCore.Mvc.Infrastructure.ControllerActionInvoker.InvokeNextActionFilterAsync()
--- End of stack trace from previous location where exception was thrown ---
   at Microsoft.AspNetCore.Mvc.Infrastructure.ControllerActionInvoker.Rethrow(ActionExecutedContextSealed context)
   at Microsoft.AspNetCore.Mvc.Infrastructure.ControllerActionInvoker.Next(State& next, Scope& scope, Object& state, Boolean& isCompleted)
   at Microsoft.AspNetCore.Mvc.Infrastructure.ControllerActionInvoker.InvokeInnerFilterAsync()
--- End of stack trace from previous location where exception was thrown ---
   at Microsoft.AspNetCore.Mvc.Infrastructure.ResourceInvoker.<InvokeNextResourceFilter>g__Awaited|24_0(ResourceInvoker invoker, Task lastTask, State next, Scope scope, Object state, Boolean isCompleted)
   at Microsoft.AspNetCore.Mvc.Infrastructure.ResourceInvoker.Rethrow(ResourceExecutedContextSealed context)
   at Microsoft.AspNetCore.Mvc.Infrastructure.ResourceInvoker.Next(State& next, Scope& scope, Object& state, Boolean& isCompleted)
   at Microsoft.AspNetCore.Mvc.Infrastructure.ResourceInvoker.InvokeFilterPipelineAsync()
--- End of stack trace from previous location where exception was thrown ---
   at Microsoft.AspNetCore.Mvc.Infrastructure.ResourceInvoker.<InvokeAsync>g__Awaited|17_0(ResourceInvoker invoker, Task task, IDisposable scope)
   at Microsoft.AspNetCore.Routing.EndpointMiddleware.<Invoke>g__AwaitRequestTask|6_0(Endpoint endpoint, Task requestTask, ILogger logger)
   at Microsoft.AspNetCore.Authorization.AuthorizationMiddleware.Invoke(HttpContext context)
   at Microsoft.AspNetCore.Session.SessionMiddleware.Invoke(HttpContext context)
   at Microsoft.AspNetCore.Session.SessionMiddleware.Invoke(HttpContext context)
   at Microsoft.AspNetCore.Diagnostics.DeveloperExceptionPageMiddleware.Invoke(HttpContext context)
ERROR 06:09:44 An unhandled exception has occurred while executing the request.
System.InvalidOperationException: Cannot return null from an action method with a return type of 'Microsoft.AspNetCore.Mvc.IActionResult'.
   at Microsoft.AspNetCore.Mvc.Infrastructure.ActionMethodExecutor.EnsureActionResultNotNull(ObjectMethodExecutor executor, IActionResult actionResult)
   at Microsoft.AspNetCore.Mvc.Infrastructure.ActionMethodExecutor.SyncActionResultExecutor.Execute(IActionResultTypeMapper mapper, ObjectMethodExecutor executor, Object controller, Object[] arguments)
   at Microsoft.AspNetCore.Mvc.Infrastructure.ControllerActionInvoker.InvokeActionMethodAsync()
   at Microsoft.AspNetCore.Mvc.Infrastructure.ControllerActionInvoker.Next(State& next, Scope& scope, Object& state, Boolean& isCompleted)
   at Microsoft.AspNetCore.Mvc.Infrastructure.ControllerActionInvoker.InvokeNextActionFilterAsync()
--- End of stack trace from previous location where exception was thrown ---
   at Microsoft.AspNetCore.Mvc.Infrastructure.ControllerActionInvoker.Rethrow(ActionExecutedContextSealed context)
   at Microsoft.AspNetCore.Mvc.Infrastructure.ControllerActionInvoker.Next(State& next, Scope& scope, Object& state, Boolean& isCompleted)
   at Microsoft.AspNetCore.Mvc.Infrastructure.ControllerActionInvoker.InvokeInnerFilterAsync()
--- End of stack trace from previous location where exception was thrown ---
   at Microsoft.AspNetCore.Mvc.Infrastructure.ResourceInvoker.<InvokeNextResourceFilter>g__Awaited|24_0(ResourceInvoker invoker, Task lastTask, State next, Scope scope, Object state, Boolean isCompleted)
   at Microsoft.AspNetCore.Mvc.Infrastructure.ResourceInvoker.Rethrow(ResourceExecutedContextSealed context)
   at Microsoft.AspNetCore.Mvc.Infrastructure.ResourceInvoker.Next(State& next, Scope& scope, Object& state, Boolean& isCompleted)
   at Microsoft.AspNetCore.Mvc.Infrastructure.ResourceInvoker.InvokeFilterPipelineAsync()
--- End of stack trace from previous location where exception was thrown ---
   at Microsoft.AspNetCore.Mvc.Infrastructure.ResourceInvoker.<InvokeAsync>g__Awaited|17_0(ResourceInvoker invoker, Task task, IDisposable scope)
   at Microsoft.AspNetCore.Routing.EndpointMiddleware.<Invoke>g__AwaitRequestTask|6_0(Endpoint endpoint, Task requestTask, ILogger logger)
   at Microsoft.AspNetCore.Authorization.AuthorizationMiddleware.Invoke(HttpContext context)
   at Microsoft.AspNetCore.Session.SessionMiddleware.Invoke(HttpContext context)
   at Microsoft.AspNetCore.Session.SessionMiddleware.Invoke(HttpContext context)
   at Microsoft.AspNetCore.Diagnostics.DeveloperExceptionPageMiddleware.Invoke(HttpContext context)
INFO  06:10:19 Application started. Press Ctrl+C to shut down.
INFO  06:10:19 Application started. Press Ctrl+C to shut down.
INFO  06:10:19 Hosting environment: Development
INFO  06:10:19 Hosting environment: Development
INFO  06:10:19 Content root path: C:\Users\shree\source\repos\LeaveManageApp\LeaveManageApp
INFO  06:10:19 Content root path: C:\Users\shree\source\repos\LeaveManageApp\LeaveManageApp
ERROR 06:11:50 An unhandled exception has occurred while executing the request.
System.InvalidOperationException: Cannot return null from an action method with a return type of 'Microsoft.AspNetCore.Mvc.IActionResult'.
   at Microsoft.AspNetCore.Mvc.Infrastructure.ActionMethodExecutor.EnsureActionResultNotNull(ObjectMethodExecutor executor, IActionResult actionResult)
   at Microsoft.AspNetCore.Mvc.Infrastructure.ActionMethodExecutor.SyncActionResultExecutor.Execute(IActionResultTypeMapper mapper, ObjectMethodExecutor executor, Object controller, Object[] arguments)
   at Microsoft.AspNetCore.Mvc.Infrastructure.ControllerActionInvoker.InvokeActionMethodAsync()
   at Microsoft.AspNetCore.Mvc.Infrastructure.ControllerActionInvoker.Next(State& next, Scope& scope, Object& state, Boolean& isCompleted)
   at Microsoft.AspNetCore.Mvc.Infrastructure.ControllerActionInvoker.InvokeNextActionFilterAsync()
--- End of stack trace from previous location where exception was thrown ---
   at Microsoft.AspNetCore.Mvc.Infrastructure.ControllerActionInvoker.Rethrow(ActionExecutedContextSealed context)
   at Microsoft.AspNetCore.Mvc.Infrastructure.ControllerActionInvoker.Next(State& next, Scope& scope, Object& state, Boolean& isCompleted)
   at Microsoft.AspNetCore.Mvc.Infrastructure.ControllerActionInvoker.InvokeInnerFilterAsync()
--- End of stack trace from previous location where exception was thrown ---
   at Microsoft.AspNetCore.Mvc.Infrastructure.ResourceInvoker.<InvokeNextResourceFilter>g__Awaited|24_0(ResourceInvoker invoker, Task lastTask, State next, Scope scope, Object state, Boolean isCompleted)
   at Microsoft.AspNetCore.Mvc.Infrastructure.ResourceInvoker.Rethrow(ResourceExecutedContextSealed context)
   at Microsoft.AspNetCore.Mvc.Infrastructure.ResourceInvoker.Next(State& next, Scope& scope, Object& state, Boolean& isCompleted)
   at Microsoft.AspNetCore.Mvc.Infrastructure.ResourceInvoker.InvokeFilterPipelineAsync()
--- End of stack trace from previous location where exception was thrown ---
   at Microsoft.AspNetCore.Mvc.Infrastructure.ResourceInvoker.<InvokeAsync>g__Awaited|17_0(ResourceInvoker invoker, Task task, IDisposable scope)
   at Microsoft.AspNetCore.Routing.EndpointMiddleware.<Invoke>g__AwaitRequestTask|6_0(Endpoint endpoint, Task requestTask, ILogger logger)
   at Microsoft.AspNetCore.Authorization.AuthorizationMiddleware.Invoke(HttpContext context)
   at Microsoft.AspNetCore.Session.SessionMiddleware.Invoke(HttpContext context)
   at Microsoft.AspNetCore.Session.SessionMiddleware.Invoke(HttpContext context)
   at Microsoft.AspNetCore.Diagnostics.DeveloperExceptionPageMiddleware.Invoke(HttpContext context)
ERROR 06:11:50 An unhandled exception has occurred while executing the request.
System.InvalidOperationException: Cannot return null from an action method with a return type of 'Microsoft.AspNetCore.Mvc.IActionResult'.
   at Microsoft.AspNetCore.Mvc.Infrastructure.ActionMethodExecutor.EnsureActionResultNotNull(ObjectMethodExecutor executor, IActionResult actionResult)
   at Microsoft.AspNetCore.Mvc.Infrastructure.ActionMethodExecutor.SyncActionResultExecutor.Execute(IActionResultTypeMapper mapper, ObjectMethodExecutor executor, Object controller, Object[] arguments)
   at Microsoft.AspNetCore.Mvc.Infrastructure.ControllerActionInvoker.InvokeActionMethodAsync()
   at Microsoft.AspNetCore.Mvc.Infrastructure.ControllerActionInvoker.Next(State& next, Scope& scope, Object& state, Boolean& isCompleted)
   at Microsoft.AspNetCore.Mvc.Infrastructure.ControllerActionInvoker.InvokeNextActionFilterAsync()
--- End of stack trace from previous location where exception was thrown ---
   at Microsoft.AspNetCore.Mvc.Infrastructure.ControllerActionInvoker.Rethrow(ActionExecutedContextSealed context)
   at Microsoft.AspNetCore.Mvc.Infrastructure.ControllerActionInvoker.Next(State& next, Scope& scope, Object& state, Boolean& isCompleted)
   at Microsoft.AspNetCore.Mvc.Infrastructure.ControllerActionInvoker.InvokeInnerFilterAsync()
--- End of stack trace from previous location where exception was thrown ---
   at Microsoft.AspNetCore.Mvc.Infrastructure.ResourceInvoker.<InvokeNextResourceFilter>g__Awaited|24_0(ResourceInvoker invoker, Task lastTask, State next, Scope scope, Object state, Boolean isCompleted)
   at Microsoft.AspNetCore.Mvc.Infrastructure.ResourceInvoker.Rethrow(ResourceExecutedContextSealed context)
   at Microsoft.AspNetCore.Mvc.Infrastructure.ResourceInvoker.Next(State& next, Scope& scope, Object& state, Boolean& isCompleted)
   at Microsoft.AspNetCore.Mvc.Infrastructure.ResourceInvoker.InvokeFilterPipelineAsync()
--- End of stack trace from previous location where exception was thrown ---
   at Microsoft.AspNetCore.Mvc.Infrastructure.ResourceInvoker.<InvokeAsync>g__Awaited|17_0(ResourceInvoker invoker, Task task, IDisposable scope)
   at Microsoft.AspNetCore.Routing.EndpointMiddleware.<Invoke>g__AwaitRequestTask|6_0(Endpoint endpoint, Task requestTask, ILogger logger)
   at Microsoft.AspNetCore.Authorization.AuthorizationMiddleware.Invoke(HttpContext context)
   at Microsoft.AspNetCore.Session.SessionMiddleware.Invoke(HttpContext context)
   at Microsoft.AspNetCore.Session.SessionMiddleware.Invoke(HttpContext context)
   at Microsoft.AspNetCore.Diagnostics.DeveloperExceptionPageMiddleware.Invoke(HttpContext context)
INFO  06:12:30 Application started. Press Ctrl+C to shut down.
INFO  06:12:30 Application started. Press Ctrl+C to shut down.
INFO  06:12:30 Hosting environment: Development
INFO  06:12:30 Hosting environment: Development
INFO  06:12:30 Content root path: C:\Users\shree\source\repos\LeaveManageApp\LeaveManageApp
INFO  06:12:30 Content root path: C:\Users\shree\source\repos\LeaveManageApp\LeaveManageApp
INFO  06:16:35 Application started. Press Ctrl+C to shut down.
INFO  06:16:35 Application started. Press Ctrl+C to shut down.
INFO  06:16:35 Hosting environment: Development
INFO  06:16:35 Hosting environment: Development
INFO  06:16:35 Content root path: C:\Users\shree\source\repos\LeaveManageApp\LeaveManageApp
INFO  06:16:35 Content root path: C:\Users\shree\source\repos\LeaveManageApp\LeaveManageApp
INFO  06:20:05 Application started. Press Ctrl+C to shut down.
INFO  06:20:05 Application started. Press Ctrl+C to shut down.
INFO  06:20:05 Hosting environment: Development
INFO  06:20:05 Hosting environment: Development
INFO  06:20:05 Content root path: C:\Users\shree\source\repos\LeaveManageApp\LeaveManageApp
INFO  06:20:05 Content root path: C:\Users\shree\source\repos\LeaveManageApp\LeaveManageApp
INFO  06:20:46 Application started. Press Ctrl+C to shut down.
INFO  06:20:46 Application started. Press Ctrl+C to shut down.
INFO  06:20:46 Hosting environment: Development
INFO  06:20:46 Hosting environment: Development
INFO  06:20:46 Content root path: C:\Users\shree\source\repos\LeaveManageApp\LeaveManageApp
INFO  06:20:46 Content root path: C:\Users\shree\source\repos\LeaveManageApp\LeaveManageApp
INFO  06:22:00 Application started. Press Ctrl+C to shut down.
INFO  06:22:00 Application started. Press Ctrl+C to shut down.
INFO  06:22:00 Hosting environment: Development
INFO  06:22:00 Hosting environment: Development
INFO  06:22:00 Content root path: C:\Users\shree\source\repos\LeaveManageApp\LeaveManageApp
INFO  06:22:00 Content root path: C:\Users\shree\source\repos\LeaveManageApp\LeaveManageApp
INFO  06:25:14 Application started. Press Ctrl+C to shut down.
INFO  06:25:14 Application started. Press Ctrl+C to shut down.
INFO  06:25:14 Hosting environment: Development
INFO  06:25:14 Hosting environment: Development
INFO  06:25:14 Content root path: C:\Users\shree\source\repos\LeaveManageApp\LeaveManageApp
INFO  06:25:14 Content root path: C:\Users\shree\source\repos\LeaveManageApp\LeaveManageApp
INFO  06:26:09 Application started. Press Ctrl+C to shut down.
INFO  06:26:09 Application started. Press Ctrl+C to shut down.
INFO  06:26:09 Hosting environment: Development
INFO  06:26:09 Hosting environment: Development
INFO  06:26:09 Content root path: C:\Users\shree\source\repos\LeaveManageApp\LeaveManageApp
INFO  06:26:09 Content root path: C:\Users\shree\source\repos\LeaveManageApp\LeaveManageApp
INFO  06:43:49 Application started. Press Ctrl+C to shut down.
INFO  06:43:49 Application started. Press Ctrl+C to shut down.
INFO  06:43:49 Hosting environment: Development
INFO  06:43:49 Hosting environment: Development
INFO  06:43:49 Content root path: C:\Users\shree\source\repos\LeaveManageApp\LeaveManageApp
INFO  06:43:49 Content root path: C:\Users\shree\source\repos\LeaveManageApp\LeaveManageApp
INFO  06:47:12 Application started. Press Ctrl+C to shut down.
INFO  06:47:12 Application started. Press Ctrl+C to shut down.
INFO  06:47:12 Hosting environment: Development
INFO  06:47:12 Hosting environment: Development
INFO  06:47:12 Content root path: C:\Users\shree\source\repos\LeaveManageApp\LeaveManageApp
INFO  06:47:12 Content root path: C:\Users\shree\source\repos\LeaveManageApp\LeaveManageApp
INFO  07:37:05 Application started. Press Ctrl+C to shut down.
INFO  07:37:05 Application started. Press Ctrl+C to shut down.
INFO  07:37:05 Hosting environment: Development
INFO  07:37:05 Hosting environment: Development
INFO  07:37:05 Content root path: C:\Users\shree\source\repos\LeaveManageApp\LeaveManageApp
INFO  07:37:05 Content root path: C:\Users\shree\source\repos\LeaveManageApp\LeaveManageApp
INFO  07:37:19 Application started. Press Ctrl+C to shut down.
INFO  07:37:19 Application started. Press Ctrl+C to shut down.
INFO  07:37:19 Hosting environment: Development
INFO  07:37:19 Hosting environment: Development
INFO  07:37:19 Content root path: C:\Users\shree\source\repos\LeaveManageApp\LeaveManageApp
INFO  07:37:19 Content root path: C:\Users\shree\source\repos\LeaveManageApp\LeaveManageApp
INFO  07:37:45 Application started. Press Ctrl+C to shut down.
INFO  07:37:45 Application started. Press Ctrl+C to shut down.
INFO  07:37:45 Hosting environment: Development
INFO  07:37:45 Hosting environment: Development
INFO  07:37:45 Content root path: C:\Users\shree\source\repos\LeaveManageApp\LeaveManageApp
INFO  07:37:45 Content root path: C:\Users\shree\source\repos\LeaveManageApp\LeaveManageApp
INFO  08:27:44 Application started. Press Ctrl+C to shut down.
INFO  08:27:44 Application started. Press Ctrl+C to shut down.
INFO  08:27:44 Hosting environment: Development
INFO  08:27:44 Hosting environment: Development
INFO  08:27:44 Content root path: C:\Users\shree\source\repos\LeaveManageApp\LeaveManageApp
INFO  08:27:44 Content root path: C:\Users\shree\source\repos\LeaveManageApp\LeaveManageApp
